2019-09-06 16:43:43.869 [main] INFO  com.cc.zuul.DemoZuulApplication - No active profile set, falling back to default profiles: default
2019-09-06 16:43:44.888 [main] INFO  org.apache.coyote.http11.Http11NioProtocol - Initializing ProtocolHandler ["http-nio-8201"]
2019-09-06 16:43:44.895 [main] INFO  org.apache.catalina.core.StandardService - Starting service [Tomcat]
2019-09-06 16:43:44.896 [main] INFO  org.apache.catalina.core.StandardEngine - Starting Servlet engine: [Apache Tomcat/9.0.19]
2019-09-06 16:43:45.003 [main] INFO  org.apache.catalina.core.ContainerBase.[Tomcat].[localhost].[/] - Initializing Spring embedded WebApplicationContext
2019-09-06 16:43:45.081 [main] WARN  com.netflix.config.sources.URLConfigurationSource - No URLs will be polled as dynamic configuration sources.
2019-09-06 16:43:45.083 [main] INFO  com.netflix.config.sources.URLConfigurationSource - To enable URLs as dynamic configuration sources, define System property archaius.configurationSource.additionalUrls or make config.properties available on classpath.
2019-09-06 16:43:45.092 [main] INFO  com.netflix.config.DynamicPropertyFactory - DynamicPropertyFactory is initialized with configuration sources: com.netflix.config.ConcurrentCompositeConfiguration@43c39321
2019-09-06 16:43:45.532 [main] WARN  com.netflix.config.sources.URLConfigurationSource - No URLs will be polled as dynamic configuration sources.
2019-09-06 16:43:45.532 [main] INFO  com.netflix.config.sources.URLConfigurationSource - To enable URLs as dynamic configuration sources, define System property archaius.configurationSource.additionalUrls or make config.properties available on classpath.
2019-09-06 16:43:46.275 [main] INFO  com.netflix.discovery.DiscoveryClient - Initializing Eureka in region us-east-1
2019-09-06 16:43:46.314 [main] INFO  com.netflix.discovery.provider.DiscoveryJerseyProvider - Using JSON encoding codec LegacyJacksonJson
2019-09-06 16:43:46.314 [main] INFO  com.netflix.discovery.provider.DiscoveryJerseyProvider - Using JSON decoding codec LegacyJacksonJson
2019-09-06 16:43:46.396 [main] INFO  com.netflix.discovery.provider.DiscoveryJerseyProvider - Using XML encoding codec XStreamXml
2019-09-06 16:43:46.396 [main] INFO  com.netflix.discovery.provider.DiscoveryJerseyProvider - Using XML decoding codec XStreamXml
2019-09-06 16:43:46.608 [main] INFO  com.netflix.discovery.shared.resolver.aws.ConfigClusterResolver - Resolving eureka endpoints via configuration
2019-09-06 16:43:46.640 [main] INFO  com.netflix.discovery.DiscoveryClient - Disable delta property : false
2019-09-06 16:43:46.641 [main] INFO  com.netflix.discovery.DiscoveryClient - Single vip registry refresh property : null
2019-09-06 16:43:46.641 [main] INFO  com.netflix.discovery.DiscoveryClient - Force full registry fetch : false
2019-09-06 16:43:46.641 [main] INFO  com.netflix.discovery.DiscoveryClient - Application is null : false
2019-09-06 16:43:46.641 [main] INFO  com.netflix.discovery.DiscoveryClient - Registered Applications size is zero : true
2019-09-06 16:43:46.641 [main] INFO  com.netflix.discovery.DiscoveryClient - Application version is -1: true
2019-09-06 16:43:46.641 [main] INFO  com.netflix.discovery.DiscoveryClient - Getting all instance registry info from the eureka server
2019-09-06 16:43:46.754 [main] INFO  com.netflix.discovery.DiscoveryClient - The response status is 200
2019-09-06 16:43:46.755 [main] INFO  com.netflix.discovery.DiscoveryClient - Starting heartbeat executor: renew interval is: 30
2019-09-06 16:43:46.758 [main] INFO  com.netflix.discovery.InstanceInfoReplicator - InstanceInfoReplicator onDemand update allowed rate per min is 4
2019-09-06 16:43:46.761 [main] INFO  com.netflix.discovery.DiscoveryClient - Discovery Client initialized at timestamp 1567759426760 with initial instances count: 4
2019-09-06 16:43:46.763 [main] INFO  com.netflix.discovery.DiscoveryClient - Saw local status change event StatusChangeEvent [timestamp=1567759426763, current=UP, previous=STARTING]
2019-09-06 16:43:46.764 [DiscoveryClient-InstanceInfoReplicator-0] INFO  com.netflix.discovery.DiscoveryClient - DiscoveryClient_DEMO-ZUUL/demo-zuul: registering service...
2019-09-06 16:43:46.774 [main] INFO  org.apache.coyote.http11.Http11NioProtocol - Starting ProtocolHandler ["http-nio-8201"]
2019-09-06 16:43:46.784 [DiscoveryClient-InstanceInfoReplicator-0] INFO  com.netflix.discovery.DiscoveryClient - DiscoveryClient_DEMO-ZUUL/demo-zuul - registration status: 204
2019-09-06 16:43:46.796 [main] INFO  com.cc.zuul.DemoZuulApplication - Started DemoZuulApplication in 3.656 seconds (JVM running for 4.482)
2019-09-06 16:43:47.089 [RMI TCP Connection(3)-192.168.20.6] INFO  org.apache.catalina.core.ContainerBase.[Tomcat].[localhost].[/] - Initializing Spring DispatcherServlet 'dispatcherServlet'
2019-09-06 16:44:45.947 [Thread-14] WARN  com.netflix.discovery.DiscoveryClient - Saw local status change event StatusChangeEvent [timestamp=1567759485947, current=DOWN, previous=UP]
2019-09-06 16:44:45.948 [DiscoveryClient-InstanceInfoReplicator-0] INFO  com.netflix.discovery.DiscoveryClient - DiscoveryClient_DEMO-ZUUL/demo-zuul: registering service...
2019-09-06 16:44:45.950 [DiscoveryClient-InstanceInfoReplicator-0] INFO  com.netflix.discovery.DiscoveryClient - DiscoveryClient_DEMO-ZUUL/demo-zuul - registration status: 204
2019-09-06 16:44:45.961 [Thread-14] INFO  com.netflix.discovery.DiscoveryClient - Shutting down DiscoveryClient ...
2019-09-06 16:44:48.962 [Thread-14] INFO  com.netflix.discovery.DiscoveryClient - Unregistering ...
2019-09-06 16:44:48.962 [DiscoveryClient-0] WARN  com.netflix.discovery.TimedSupervisorTask - task supervisor shutting down, can't accept the task
2019-09-06 16:44:48.965 [Thread-14] INFO  com.netflix.discovery.DiscoveryClient - DiscoveryClient_DEMO-ZUUL/demo-zuul - deregister  status: 200
2019-09-06 16:44:48.970 [Thread-14] INFO  com.netflix.discovery.DiscoveryClient - Completed shut down of DiscoveryClient
2019-09-06 16:44:51.774 [main] INFO  com.cc.zuul.DemoZuulApplication - No active profile set, falling back to default profiles: default
2019-09-06 16:44:52.769 [main] INFO  org.apache.coyote.http11.Http11NioProtocol - Initializing ProtocolHandler ["http-nio-8201"]
2019-09-06 16:44:52.776 [main] INFO  org.apache.catalina.core.StandardService - Starting service [Tomcat]
2019-09-06 16:44:52.776 [main] INFO  org.apache.catalina.core.StandardEngine - Starting Servlet engine: [Apache Tomcat/9.0.19]
2019-09-06 16:44:52.884 [main] INFO  org.apache.catalina.core.ContainerBase.[Tomcat].[localhost].[/] - Initializing Spring embedded WebApplicationContext
2019-09-06 16:44:52.962 [main] WARN  com.netflix.config.sources.URLConfigurationSource - No URLs will be polled as dynamic configuration sources.
2019-09-06 16:44:52.963 [main] INFO  com.netflix.config.sources.URLConfigurationSource - To enable URLs as dynamic configuration sources, define System property archaius.configurationSource.additionalUrls or make config.properties available on classpath.
2019-09-06 16:44:52.972 [main] INFO  com.netflix.config.DynamicPropertyFactory - DynamicPropertyFactory is initialized with configuration sources: com.netflix.config.ConcurrentCompositeConfiguration@6af78a48
2019-09-06 16:44:53.415 [main] WARN  com.netflix.config.sources.URLConfigurationSource - No URLs will be polled as dynamic configuration sources.
2019-09-06 16:44:53.415 [main] INFO  com.netflix.config.sources.URLConfigurationSource - To enable URLs as dynamic configuration sources, define System property archaius.configurationSource.additionalUrls or make config.properties available on classpath.
2019-09-06 16:44:54.115 [main] INFO  com.netflix.discovery.DiscoveryClient - Initializing Eureka in region us-east-1
2019-09-06 16:44:54.151 [main] INFO  com.netflix.discovery.provider.DiscoveryJerseyProvider - Using JSON encoding codec LegacyJacksonJson
2019-09-06 16:44:54.151 [main] INFO  com.netflix.discovery.provider.DiscoveryJerseyProvider - Using JSON decoding codec LegacyJacksonJson
2019-09-06 16:44:54.230 [main] INFO  com.netflix.discovery.provider.DiscoveryJerseyProvider - Using XML encoding codec XStreamXml
2019-09-06 16:44:54.230 [main] INFO  com.netflix.discovery.provider.DiscoveryJerseyProvider - Using XML decoding codec XStreamXml
2019-09-06 16:44:54.429 [main] INFO  com.netflix.discovery.shared.resolver.aws.ConfigClusterResolver - Resolving eureka endpoints via configuration
2019-09-06 16:44:54.461 [main] INFO  com.netflix.discovery.DiscoveryClient - Disable delta property : false
2019-09-06 16:44:54.462 [main] INFO  com.netflix.discovery.DiscoveryClient - Single vip registry refresh property : null
2019-09-06 16:44:54.462 [main] INFO  com.netflix.discovery.DiscoveryClient - Force full registry fetch : false
2019-09-06 16:44:54.462 [main] INFO  com.netflix.discovery.DiscoveryClient - Application is null : false
2019-09-06 16:44:54.462 [main] INFO  com.netflix.discovery.DiscoveryClient - Registered Applications size is zero : true
2019-09-06 16:44:54.462 [main] INFO  com.netflix.discovery.DiscoveryClient - Application version is -1: true
2019-09-06 16:44:54.462 [main] INFO  com.netflix.discovery.DiscoveryClient - Getting all instance registry info from the eureka server
2019-09-06 16:44:54.567 [main] INFO  com.netflix.discovery.DiscoveryClient - The response status is 200
2019-09-06 16:44:54.569 [main] INFO  com.netflix.discovery.DiscoveryClient - Starting heartbeat executor: renew interval is: 30
2019-09-06 16:44:54.571 [main] INFO  com.netflix.discovery.InstanceInfoReplicator - InstanceInfoReplicator onDemand update allowed rate per min is 4
2019-09-06 16:44:54.573 [main] INFO  com.netflix.discovery.DiscoveryClient - Discovery Client initialized at timestamp 1567759494572 with initial instances count: 5
2019-09-06 16:44:54.575 [main] INFO  com.netflix.discovery.DiscoveryClient - Saw local status change event StatusChangeEvent [timestamp=1567759494575, current=UP, previous=STARTING]
2019-09-06 16:44:54.576 [DiscoveryClient-InstanceInfoReplicator-0] INFO  com.netflix.discovery.DiscoveryClient - DiscoveryClient_DEMO-ZUUL/demo-zuul: registering service...
2019-09-06 16:44:54.586 [main] INFO  org.apache.coyote.http11.Http11NioProtocol - Starting ProtocolHandler ["http-nio-8201"]
2019-09-06 16:44:54.596 [DiscoveryClient-InstanceInfoReplicator-0] INFO  com.netflix.discovery.DiscoveryClient - DiscoveryClient_DEMO-ZUUL/demo-zuul - registration status: 204
2019-09-06 16:44:54.608 [main] INFO  com.cc.zuul.DemoZuulApplication - Started DemoZuulApplication in 3.545 seconds (JVM running for 4.348)
2019-09-06 16:44:55.006 [RMI TCP Connection(1)-192.168.20.6] INFO  org.apache.catalina.core.ContainerBase.[Tomcat].[localhost].[/] - Initializing Spring DispatcherServlet 'dispatcherServlet'
2019-09-06 16:45:12.184 [Thread-14] WARN  com.netflix.discovery.DiscoveryClient - Saw local status change event StatusChangeEvent [timestamp=1567759512184, current=DOWN, previous=UP]
2019-09-06 16:45:12.184 [DiscoveryClient-InstanceInfoReplicator-0] INFO  com.netflix.discovery.DiscoveryClient - DiscoveryClient_DEMO-ZUUL/demo-zuul: registering service...
2019-09-06 16:45:12.187 [DiscoveryClient-InstanceInfoReplicator-0] INFO  com.netflix.discovery.DiscoveryClient - DiscoveryClient_DEMO-ZUUL/demo-zuul - registration status: 204
2019-09-06 16:45:12.197 [Thread-14] INFO  com.netflix.discovery.DiscoveryClient - Shutting down DiscoveryClient ...
2019-09-06 16:45:15.197 [Thread-14] INFO  com.netflix.discovery.DiscoveryClient - Unregistering ...
2019-09-06 16:45:15.200 [Thread-14] INFO  com.netflix.discovery.DiscoveryClient - DiscoveryClient_DEMO-ZUUL/demo-zuul - deregister  status: 200
2019-09-06 16:45:15.205 [Thread-14] INFO  com.netflix.discovery.DiscoveryClient - Completed shut down of DiscoveryClient
2019-09-06 16:45:18.096 [main] INFO  com.cc.zuul.DemoZuulApplication - No active profile set, falling back to default profiles: default
2019-09-06 16:45:19.090 [main] INFO  org.apache.coyote.http11.Http11NioProtocol - Initializing ProtocolHandler ["http-nio-8201"]
2019-09-06 16:45:19.097 [main] INFO  org.apache.catalina.core.StandardService - Starting service [Tomcat]
2019-09-06 16:45:19.097 [main] INFO  org.apache.catalina.core.StandardEngine - Starting Servlet engine: [Apache Tomcat/9.0.19]
2019-09-06 16:45:19.205 [main] INFO  org.apache.catalina.core.ContainerBase.[Tomcat].[localhost].[/] - Initializing Spring embedded WebApplicationContext
2019-09-06 16:45:19.283 [main] WARN  com.netflix.config.sources.URLConfigurationSource - No URLs will be polled as dynamic configuration sources.
2019-09-06 16:45:19.284 [main] INFO  com.netflix.config.sources.URLConfigurationSource - To enable URLs as dynamic configuration sources, define System property archaius.configurationSource.additionalUrls or make config.properties available on classpath.
2019-09-06 16:45:19.293 [main] INFO  com.netflix.config.DynamicPropertyFactory - DynamicPropertyFactory is initialized with configuration sources: com.netflix.config.ConcurrentCompositeConfiguration@27c53c32
2019-09-06 16:45:19.735 [main] WARN  com.netflix.config.sources.URLConfigurationSource - No URLs will be polled as dynamic configuration sources.
2019-09-06 16:45:19.735 [main] INFO  com.netflix.config.sources.URLConfigurationSource - To enable URLs as dynamic configuration sources, define System property archaius.configurationSource.additionalUrls or make config.properties available on classpath.
2019-09-06 16:45:20.457 [main] INFO  com.netflix.discovery.DiscoveryClient - Initializing Eureka in region us-east-1
2019-09-06 16:45:20.494 [main] INFO  com.netflix.discovery.provider.DiscoveryJerseyProvider - Using JSON encoding codec LegacyJacksonJson
2019-09-06 16:45:20.494 [main] INFO  com.netflix.discovery.provider.DiscoveryJerseyProvider - Using JSON decoding codec LegacyJacksonJson
2019-09-06 16:45:20.576 [main] INFO  com.netflix.discovery.provider.DiscoveryJerseyProvider - Using XML encoding codec XStreamXml
2019-09-06 16:45:20.576 [main] INFO  com.netflix.discovery.provider.DiscoveryJerseyProvider - Using XML decoding codec XStreamXml
2019-09-06 16:45:20.806 [main] INFO  com.netflix.discovery.shared.resolver.aws.ConfigClusterResolver - Resolving eureka endpoints via configuration
2019-09-06 16:45:20.838 [main] INFO  com.netflix.discovery.DiscoveryClient - Disable delta property : false
2019-09-06 16:45:20.838 [main] INFO  com.netflix.discovery.DiscoveryClient - Single vip registry refresh property : null
2019-09-06 16:45:20.838 [main] INFO  com.netflix.discovery.DiscoveryClient - Force full registry fetch : false
2019-09-06 16:45:20.838 [main] INFO  com.netflix.discovery.DiscoveryClient - Application is null : false
2019-09-06 16:45:20.838 [main] INFO  com.netflix.discovery.DiscoveryClient - Registered Applications size is zero : true
2019-09-06 16:45:20.838 [main] INFO  com.netflix.discovery.DiscoveryClient - Application version is -1: true
2019-09-06 16:45:20.838 [main] INFO  com.netflix.discovery.DiscoveryClient - Getting all instance registry info from the eureka server
2019-09-06 16:45:20.961 [main] INFO  com.netflix.discovery.DiscoveryClient - The response status is 200
2019-09-06 16:45:20.963 [main] INFO  com.netflix.discovery.DiscoveryClient - Starting heartbeat executor: renew interval is: 30
2019-09-06 16:45:20.965 [main] INFO  com.netflix.discovery.InstanceInfoReplicator - InstanceInfoReplicator onDemand update allowed rate per min is 4
2019-09-06 16:45:20.968 [main] INFO  com.netflix.discovery.DiscoveryClient - Discovery Client initialized at timestamp 1567759520967 with initial instances count: 4
2019-09-06 16:45:20.970 [main] INFO  com.netflix.discovery.DiscoveryClient - Saw local status change event StatusChangeEvent [timestamp=1567759520970, current=UP, previous=STARTING]
2019-09-06 16:45:20.971 [DiscoveryClient-InstanceInfoReplicator-0] INFO  com.netflix.discovery.DiscoveryClient - DiscoveryClient_DEMO-ZUUL/demo-zuul: registering service...
2019-09-06 16:45:20.982 [main] INFO  org.apache.coyote.http11.Http11NioProtocol - Starting ProtocolHandler ["http-nio-8201"]
2019-09-06 16:45:20.991 [DiscoveryClient-InstanceInfoReplicator-0] INFO  com.netflix.discovery.DiscoveryClient - DiscoveryClient_DEMO-ZUUL/demo-zuul - registration status: 204
2019-09-06 16:45:21.003 [main] INFO  com.cc.zuul.DemoZuulApplication - Started DemoZuulApplication in 3.634 seconds (JVM running for 4.456)
2019-09-06 16:45:21.321 [RMI TCP Connection(3)-192.168.20.6] INFO  org.apache.catalina.core.ContainerBase.[Tomcat].[localhost].[/] - Initializing Spring DispatcherServlet 'dispatcherServlet'
2019-09-06 16:46:12.094 [Thread-14] WARN  com.netflix.discovery.DiscoveryClient - Saw local status change event StatusChangeEvent [timestamp=1567759572094, current=DOWN, previous=UP]
2019-09-06 16:46:12.095 [DiscoveryClient-InstanceInfoReplicator-0] INFO  com.netflix.discovery.DiscoveryClient - DiscoveryClient_DEMO-ZUUL/demo-zuul: registering service...
2019-09-06 16:46:12.097 [DiscoveryClient-InstanceInfoReplicator-0] INFO  com.netflix.discovery.DiscoveryClient - DiscoveryClient_DEMO-ZUUL/demo-zuul - registration status: 204
2019-09-06 16:46:12.108 [Thread-14] INFO  com.netflix.discovery.DiscoveryClient - Shutting down DiscoveryClient ...
2019-09-06 16:46:15.109 [Thread-14] INFO  com.netflix.discovery.DiscoveryClient - Unregistering ...
2019-09-06 16:46:15.112 [Thread-14] INFO  com.netflix.discovery.DiscoveryClient - DiscoveryClient_DEMO-ZUUL/demo-zuul - deregister  status: 200
2019-09-06 16:46:15.118 [Thread-14] INFO  com.netflix.discovery.DiscoveryClient - Completed shut down of DiscoveryClient
2019-09-06 16:46:17.967 [main] INFO  com.cc.zuul.DemoZuulApplication - No active profile set, falling back to default profiles: default
2019-09-06 16:46:18.969 [main] INFO  org.apache.coyote.http11.Http11NioProtocol - Initializing ProtocolHandler ["http-nio-8201"]
2019-09-06 16:46:18.975 [main] INFO  org.apache.catalina.core.StandardService - Starting service [Tomcat]
2019-09-06 16:46:18.976 [main] INFO  org.apache.catalina.core.StandardEngine - Starting Servlet engine: [Apache Tomcat/9.0.19]
2019-09-06 16:46:19.084 [main] INFO  org.apache.catalina.core.ContainerBase.[Tomcat].[localhost].[/] - Initializing Spring embedded WebApplicationContext
2019-09-06 16:46:19.164 [main] WARN  com.netflix.config.sources.URLConfigurationSource - No URLs will be polled as dynamic configuration sources.
2019-09-06 16:46:19.165 [main] INFO  com.netflix.config.sources.URLConfigurationSource - To enable URLs as dynamic configuration sources, define System property archaius.configurationSource.additionalUrls or make config.properties available on classpath.
2019-09-06 16:46:19.174 [main] INFO  com.netflix.config.DynamicPropertyFactory - DynamicPropertyFactory is initialized with configuration sources: com.netflix.config.ConcurrentCompositeConfiguration@17fbfb02
2019-09-06 16:46:19.619 [main] WARN  com.netflix.config.sources.URLConfigurationSource - No URLs will be polled as dynamic configuration sources.
2019-09-06 16:46:19.619 [main] INFO  com.netflix.config.sources.URLConfigurationSource - To enable URLs as dynamic configuration sources, define System property archaius.configurationSource.additionalUrls or make config.properties available on classpath.
2019-09-06 16:46:20.326 [main] INFO  com.netflix.discovery.DiscoveryClient - Initializing Eureka in region us-east-1
2019-09-06 16:46:20.362 [main] INFO  com.netflix.discovery.provider.DiscoveryJerseyProvider - Using JSON encoding codec LegacyJacksonJson
2019-09-06 16:46:20.362 [main] INFO  com.netflix.discovery.provider.DiscoveryJerseyProvider - Using JSON decoding codec LegacyJacksonJson
2019-09-06 16:46:20.443 [main] INFO  com.netflix.discovery.provider.DiscoveryJerseyProvider - Using XML encoding codec XStreamXml
2019-09-06 16:46:20.443 [main] INFO  com.netflix.discovery.provider.DiscoveryJerseyProvider - Using XML decoding codec XStreamXml
2019-09-06 16:46:20.642 [main] INFO  com.netflix.discovery.shared.resolver.aws.ConfigClusterResolver - Resolving eureka endpoints via configuration
2019-09-06 16:46:20.674 [main] INFO  com.netflix.discovery.DiscoveryClient - Disable delta property : false
2019-09-06 16:46:20.674 [main] INFO  com.netflix.discovery.DiscoveryClient - Single vip registry refresh property : null
2019-09-06 16:46:20.674 [main] INFO  com.netflix.discovery.DiscoveryClient - Force full registry fetch : false
2019-09-06 16:46:20.674 [main] INFO  com.netflix.discovery.DiscoveryClient - Application is null : false
2019-09-06 16:46:20.675 [main] INFO  com.netflix.discovery.DiscoveryClient - Registered Applications size is zero : true
2019-09-06 16:46:20.675 [main] INFO  com.netflix.discovery.DiscoveryClient - Application version is -1: true
2019-09-06 16:46:20.675 [main] INFO  com.netflix.discovery.DiscoveryClient - Getting all instance registry info from the eureka server
2019-09-06 16:46:20.782 [main] INFO  com.netflix.discovery.DiscoveryClient - The response status is 200
2019-09-06 16:46:20.784 [main] INFO  com.netflix.discovery.DiscoveryClient - Starting heartbeat executor: renew interval is: 30
2019-09-06 16:46:20.786 [main] INFO  com.netflix.discovery.InstanceInfoReplicator - InstanceInfoReplicator onDemand update allowed rate per min is 4
2019-09-06 16:46:20.790 [main] INFO  com.netflix.discovery.DiscoveryClient - Discovery Client initialized at timestamp 1567759580789 with initial instances count: 4
2019-09-06 16:46:20.792 [main] INFO  com.netflix.discovery.DiscoveryClient - Saw local status change event StatusChangeEvent [timestamp=1567759580792, current=UP, previous=STARTING]
2019-09-06 16:46:20.793 [DiscoveryClient-InstanceInfoReplicator-0] INFO  com.netflix.discovery.DiscoveryClient - DiscoveryClient_DEMO-ZUUL/demo-zuul: registering service...
2019-09-06 16:46:20.804 [main] INFO  org.apache.coyote.http11.Http11NioProtocol - Starting ProtocolHandler ["http-nio-8201"]
2019-09-06 16:46:20.815 [DiscoveryClient-InstanceInfoReplicator-0] INFO  com.netflix.discovery.DiscoveryClient - DiscoveryClient_DEMO-ZUUL/demo-zuul - registration status: 204
2019-09-06 16:46:20.827 [main] INFO  com.cc.zuul.DemoZuulApplication - Started DemoZuulApplication in 3.585 seconds (JVM running for 4.426)
2019-09-06 16:46:21.175 [RMI TCP Connection(2)-192.168.20.6] INFO  org.apache.catalina.core.ContainerBase.[Tomcat].[localhost].[/] - Initializing Spring DispatcherServlet 'dispatcherServlet'
2019-09-06 16:47:07.646 [http-nio-8201-exec-1] INFO  com.cc.zuul.filter.AuthorizedFilter - 请求方法method=GET,url=/consumer-proxy/user/get
2019-09-06 16:47:37.032 [http-nio-8201-exec-3] INFO  com.cc.zuul.filter.AuthorizedFilter - 请求方法method=GET,url=/consumer-proxy/user/get
2019-09-06 16:47:41.840 [http-nio-8201-exec-4] INFO  com.netflix.config.ChainedDynamicProperty - Flipping property: demo-consumer.ribbon.ActiveConnectionsLimit to use NEXT property: niws.loadbalancer.availabilityFilteringRule.activeConnectionsLimit = 2147483647
2019-09-06 16:47:41.866 [http-nio-8201-exec-4] INFO  com.netflix.util.concurrent.ShutdownEnabledTimer - Shutdown hook installed for: NFLoadBalancer-PingTimer-demo-consumer
2019-09-06 16:47:41.867 [http-nio-8201-exec-4] INFO  com.netflix.loadbalancer.BaseLoadBalancer - Client: demo-consumer instantiated a LoadBalancer: DynamicServerListLoadBalancer:{NFLoadBalancer:name=demo-consumer,current list of Servers=[],Load balancer stats=Zone stats: {},Server stats: []}ServerList:null
2019-09-06 16:47:41.871 [http-nio-8201-exec-4] INFO  com.netflix.loadbalancer.DynamicServerListLoadBalancer - Using serverListUpdater PollingServerListUpdater
2019-09-06 16:47:41.890 [http-nio-8201-exec-4] INFO  com.netflix.config.ChainedDynamicProperty - Flipping property: demo-consumer.ribbon.ActiveConnectionsLimit to use NEXT property: niws.loadbalancer.availabilityFilteringRule.activeConnectionsLimit = 2147483647
2019-09-06 16:47:41.892 [http-nio-8201-exec-4] INFO  com.netflix.loadbalancer.DynamicServerListLoadBalancer - DynamicServerListLoadBalancer for client demo-consumer initialized: DynamicServerListLoadBalancer:{NFLoadBalancer:name=demo-consumer,current list of Servers=[127.0.0.1:8010],Load balancer stats=Zone stats: {defaultzone=[Zone:defaultzone;	Instance count:1;	Active connections count: 0;	Circuit breaker tripped count: 0;	Active connections per server: 0.0;]
},Server stats: [[Server:127.0.0.1:8010;	Zone:defaultZone;	Total Requests:0;	Successive connection failure:0;	Total blackout seconds:0;	Last connection made:Thu Jan 01 08:00:00 CST 1970;	First connection made: Thu Jan 01 08:00:00 CST 1970;	Active Connections:0;	total failure count in last (1000) msecs:0;	average resp time:0.0;	90 percentile resp time:0.0;	95 percentile resp time:0.0;	min resp time:0.0;	max resp time:0.0;	stddev resp time:0.0]
]}ServerList:org.springframework.cloud.netflix.ribbon.eureka.DomainExtractingServerList@4847093e
2019-09-06 16:47:42.874 [PollingServerListUpdater-0] INFO  com.netflix.config.ChainedDynamicProperty - Flipping property: demo-consumer.ribbon.ActiveConnectionsLimit to use NEXT property: niws.loadbalancer.availabilityFilteringRule.activeConnectionsLimit = 2147483647
2019-09-06 16:47:47.776 [Thread-26] INFO  com.netflix.loadbalancer.PollingServerListUpdater - Shutting down the Executor Pool for PollingServerListUpdater
2019-09-06 16:47:47.777 [Thread-14] WARN  com.netflix.discovery.DiscoveryClient - Saw local status change event StatusChangeEvent [timestamp=1567759667777, current=DOWN, previous=UP]
2019-09-06 16:47:47.778 [DiscoveryClient-InstanceInfoReplicator-0] INFO  com.netflix.discovery.DiscoveryClient - DiscoveryClient_DEMO-ZUUL/demo-zuul: registering service...
2019-09-06 16:47:47.780 [DiscoveryClient-InstanceInfoReplicator-0] INFO  com.netflix.discovery.DiscoveryClient - DiscoveryClient_DEMO-ZUUL/demo-zuul - registration status: 204
2019-09-06 16:47:47.781 [Thread-14] INFO  com.netflix.util.concurrent.ShutdownEnabledTimer - Shutdown hook removed for: NFLoadBalancer-PingTimer-demo-consumer
2019-09-06 16:47:47.781 [Thread-14] INFO  com.netflix.util.concurrent.ShutdownEnabledTimer - Exception caught (might be ok if at shutdown)
java.lang.IllegalStateException: Shutdown in progress
	at java.lang.ApplicationShutdownHooks.remove(ApplicationShutdownHooks.java:82) ~[?:1.8.0_202]
	at java.lang.Runtime.removeShutdownHook(Runtime.java:239) ~[?:1.8.0_202]
	at com.netflix.util.concurrent.ShutdownEnabledTimer.cancel(ShutdownEnabledTimer.java:70) [netflix-commons-util-0.3.0.jar:0.3.0]
	at com.netflix.loadbalancer.BaseLoadBalancer.cancelPingTask(BaseLoadBalancer.java:632) [ribbon-loadbalancer-2.3.0.jar:2.3.0]
	at com.netflix.loadbalancer.BaseLoadBalancer.shutdown(BaseLoadBalancer.java:883) [ribbon-loadbalancer-2.3.0.jar:2.3.0]
	at com.netflix.loadbalancer.DynamicServerListLoadBalancer.shutdown(DynamicServerListLoadBalancer.java:285) [ribbon-loadbalancer-2.3.0.jar:2.3.0]
	at sun.reflect.NativeMethodAccessorImpl.invoke0(Native Method) ~[?:1.8.0_202]
	at sun.reflect.NativeMethodAccessorImpl.invoke(NativeMethodAccessorImpl.java:62) ~[?:1.8.0_202]
	at sun.reflect.DelegatingMethodAccessorImpl.invoke(DelegatingMethodAccessorImpl.java:43) ~[?:1.8.0_202]
	at java.lang.reflect.Method.invoke(Method.java:498) ~[?:1.8.0_202]
	at org.springframework.beans.factory.support.DisposableBeanAdapter.invokeCustomDestroyMethod(DisposableBeanAdapter.java:337) [spring-beans-5.1.7.RELEASE.jar:5.1.7.RELEASE]
	at org.springframework.beans.factory.support.DisposableBeanAdapter.destroy(DisposableBeanAdapter.java:271) [spring-beans-5.1.7.RELEASE.jar:5.1.7.RELEASE]
	at org.springframework.beans.factory.support.DefaultSingletonBeanRegistry.destroyBean(DefaultSingletonBeanRegistry.java:571) [spring-beans-5.1.7.RELEASE.jar:5.1.7.RELEASE]
	at org.springframework.beans.factory.support.DefaultSingletonBeanRegistry.destroySingleton(DefaultSingletonBeanRegistry.java:543) [spring-beans-5.1.7.RELEASE.jar:5.1.7.RELEASE]
	at org.springframework.beans.factory.support.DefaultListableBeanFactory.destroySingleton(DefaultListableBeanFactory.java:1034) [spring-beans-5.1.7.RELEASE.jar:5.1.7.RELEASE]
	at org.springframework.beans.factory.support.DefaultSingletonBeanRegistry.destroySingletons(DefaultSingletonBeanRegistry.java:504) [spring-beans-5.1.7.RELEASE.jar:5.1.7.RELEASE]
	at org.springframework.beans.factory.support.DefaultListableBeanFactory.destroySingletons(DefaultListableBeanFactory.java:1027) [spring-beans-5.1.7.RELEASE.jar:5.1.7.RELEASE]
	at org.springframework.context.support.AbstractApplicationContext.destroyBeans(AbstractApplicationContext.java:1057) [spring-context-5.1.7.RELEASE.jar:5.1.7.RELEASE]
	at org.springframework.context.support.AbstractApplicationContext.doClose(AbstractApplicationContext.java:1026) [spring-context-5.1.7.RELEASE.jar:5.1.7.RELEASE]
	at org.springframework.context.support.AbstractApplicationContext.close(AbstractApplicationContext.java:975) [spring-context-5.1.7.RELEASE.jar:5.1.7.RELEASE]
	at org.springframework.cloud.context.named.NamedContextFactory.destroy(NamedContextFactory.java:92) [spring-cloud-context-2.1.2.RELEASE.jar:2.1.2.RELEASE]
	at org.springframework.beans.factory.support.DisposableBeanAdapter.destroy(DisposableBeanAdapter.java:256) [spring-beans-5.1.7.RELEASE.jar:5.1.7.RELEASE]
	at org.springframework.beans.factory.support.DefaultSingletonBeanRegistry.destroyBean(DefaultSingletonBeanRegistry.java:571) [spring-beans-5.1.7.RELEASE.jar:5.1.7.RELEASE]
	at org.springframework.beans.factory.support.DefaultSingletonBeanRegistry.destroySingleton(DefaultSingletonBeanRegistry.java:543) [spring-beans-5.1.7.RELEASE.jar:5.1.7.RELEASE]
	at org.springframework.beans.factory.support.DefaultListableBeanFactory.destroySingleton(DefaultListableBeanFactory.java:1034) [spring-beans-5.1.7.RELEASE.jar:5.1.7.RELEASE]
	at org.springframework.beans.factory.support.DefaultSingletonBeanRegistry.destroySingletons(DefaultSingletonBeanRegistry.java:504) [spring-beans-5.1.7.RELEASE.jar:5.1.7.RELEASE]
	at org.springframework.beans.factory.support.DefaultListableBeanFactory.destroySingletons(DefaultListableBeanFactory.java:1027) [spring-beans-5.1.7.RELEASE.jar:5.1.7.RELEASE]
	at org.springframework.context.support.AbstractApplicationContext.destroyBeans(AbstractApplicationContext.java:1057) [spring-context-5.1.7.RELEASE.jar:5.1.7.RELEASE]
	at org.springframework.context.support.AbstractApplicationContext.doClose(AbstractApplicationContext.java:1026) [spring-context-5.1.7.RELEASE.jar:5.1.7.RELEASE]
	at org.springframework.context.support.AbstractApplicationContext$1.run(AbstractApplicationContext.java:945) [spring-context-5.1.7.RELEASE.jar:5.1.7.RELEASE]
2019-09-06 16:47:47.806 [Thread-14] INFO  com.netflix.discovery.DiscoveryClient - Shutting down DiscoveryClient ...
2019-09-06 16:47:50.808 [Thread-14] INFO  com.netflix.discovery.DiscoveryClient - Unregistering ...
2019-09-06 16:47:50.808 [DiscoveryClient-0] WARN  com.netflix.discovery.TimedSupervisorTask - task supervisor shutting down, can't accept the task
2019-09-06 16:47:50.811 [Thread-14] INFO  com.netflix.discovery.DiscoveryClient - DiscoveryClient_DEMO-ZUUL/demo-zuul - deregister  status: 200
2019-09-06 16:47:50.815 [Thread-14] INFO  com.netflix.discovery.DiscoveryClient - Completed shut down of DiscoveryClient
2019-09-06 16:47:54.166 [main] INFO  com.cc.zuul.DemoZuulApplication - No active profile set, falling back to default profiles: default
2019-09-06 16:47:55.157 [main] INFO  org.apache.coyote.http11.Http11NioProtocol - Initializing ProtocolHandler ["http-nio-8201"]
2019-09-06 16:47:55.163 [main] INFO  org.apache.catalina.core.StandardService - Starting service [Tomcat]
2019-09-06 16:47:55.164 [main] INFO  org.apache.catalina.core.StandardEngine - Starting Servlet engine: [Apache Tomcat/9.0.19]
2019-09-06 16:47:55.270 [main] INFO  org.apache.catalina.core.ContainerBase.[Tomcat].[localhost].[/] - Initializing Spring embedded WebApplicationContext
2019-09-06 16:47:55.348 [main] WARN  com.netflix.config.sources.URLConfigurationSource - No URLs will be polled as dynamic configuration sources.
2019-09-06 16:47:55.348 [main] INFO  com.netflix.config.sources.URLConfigurationSource - To enable URLs as dynamic configuration sources, define System property archaius.configurationSource.additionalUrls or make config.properties available on classpath.
2019-09-06 16:47:55.357 [main] INFO  com.netflix.config.DynamicPropertyFactory - DynamicPropertyFactory is initialized with configuration sources: com.netflix.config.ConcurrentCompositeConfiguration@6c8f4bc7
2019-09-06 16:47:55.807 [main] WARN  com.netflix.config.sources.URLConfigurationSource - No URLs will be polled as dynamic configuration sources.
2019-09-06 16:47:55.807 [main] INFO  com.netflix.config.sources.URLConfigurationSource - To enable URLs as dynamic configuration sources, define System property archaius.configurationSource.additionalUrls or make config.properties available on classpath.
2019-09-06 16:47:56.537 [main] INFO  com.netflix.discovery.DiscoveryClient - Initializing Eureka in region us-east-1
2019-09-06 16:47:56.574 [main] INFO  com.netflix.discovery.provider.DiscoveryJerseyProvider - Using JSON encoding codec LegacyJacksonJson
2019-09-06 16:47:56.574 [main] INFO  com.netflix.discovery.provider.DiscoveryJerseyProvider - Using JSON decoding codec LegacyJacksonJson
2019-09-06 16:47:56.659 [main] INFO  com.netflix.discovery.provider.DiscoveryJerseyProvider - Using XML encoding codec XStreamXml
2019-09-06 16:47:56.659 [main] INFO  com.netflix.discovery.provider.DiscoveryJerseyProvider - Using XML decoding codec XStreamXml
2019-09-06 16:47:56.871 [main] INFO  com.netflix.discovery.shared.resolver.aws.ConfigClusterResolver - Resolving eureka endpoints via configuration
2019-09-06 16:47:56.903 [main] INFO  com.netflix.discovery.DiscoveryClient - Disable delta property : false
2019-09-06 16:47:56.904 [main] INFO  com.netflix.discovery.DiscoveryClient - Single vip registry refresh property : null
2019-09-06 16:47:56.904 [main] INFO  com.netflix.discovery.DiscoveryClient - Force full registry fetch : false
2019-09-06 16:47:56.904 [main] INFO  com.netflix.discovery.DiscoveryClient - Application is null : false
2019-09-06 16:47:56.904 [main] INFO  com.netflix.discovery.DiscoveryClient - Registered Applications size is zero : true
2019-09-06 16:47:56.904 [main] INFO  com.netflix.discovery.DiscoveryClient - Application version is -1: true
2019-09-06 16:47:56.904 [main] INFO  com.netflix.discovery.DiscoveryClient - Getting all instance registry info from the eureka server
2019-09-06 16:47:57.012 [main] INFO  com.netflix.discovery.DiscoveryClient - The response status is 200
2019-09-06 16:47:57.014 [main] INFO  com.netflix.discovery.DiscoveryClient - Starting heartbeat executor: renew interval is: 30
2019-09-06 16:47:57.016 [main] INFO  com.netflix.discovery.InstanceInfoReplicator - InstanceInfoReplicator onDemand update allowed rate per min is 4
2019-09-06 16:47:57.019 [main] INFO  com.netflix.discovery.DiscoveryClient - Discovery Client initialized at timestamp 1567759677018 with initial instances count: 5
2019-09-06 16:47:57.020 [main] INFO  com.netflix.discovery.DiscoveryClient - Saw local status change event StatusChangeEvent [timestamp=1567759677020, current=UP, previous=STARTING]
2019-09-06 16:47:57.021 [DiscoveryClient-InstanceInfoReplicator-0] INFO  com.netflix.discovery.DiscoveryClient - DiscoveryClient_DEMO-ZUUL/demo-zuul: registering service...
2019-09-06 16:47:57.033 [main] INFO  org.apache.coyote.http11.Http11NioProtocol - Starting ProtocolHandler ["http-nio-8201"]
2019-09-06 16:47:57.042 [DiscoveryClient-InstanceInfoReplicator-0] INFO  com.netflix.discovery.DiscoveryClient - DiscoveryClient_DEMO-ZUUL/demo-zuul - registration status: 204
2019-09-06 16:47:57.053 [main] INFO  com.cc.zuul.DemoZuulApplication - Started DemoZuulApplication in 3.601 seconds (JVM running for 4.575)
2019-09-06 16:47:57.156 [RMI TCP Connection(2)-192.168.20.6] INFO  org.apache.catalina.core.ContainerBase.[Tomcat].[localhost].[/] - Initializing Spring DispatcherServlet 'dispatcherServlet'
2019-09-06 16:48:06.530 [http-nio-8201-exec-1] INFO  com.netflix.config.ChainedDynamicProperty - Flipping property: demo-consumer.ribbon.ActiveConnectionsLimit to use NEXT property: niws.loadbalancer.availabilityFilteringRule.activeConnectionsLimit = 2147483647
2019-09-06 16:48:06.554 [http-nio-8201-exec-1] INFO  com.netflix.util.concurrent.ShutdownEnabledTimer - Shutdown hook installed for: NFLoadBalancer-PingTimer-demo-consumer
2019-09-06 16:48:06.555 [http-nio-8201-exec-1] INFO  com.netflix.loadbalancer.BaseLoadBalancer - Client: demo-consumer instantiated a LoadBalancer: DynamicServerListLoadBalancer:{NFLoadBalancer:name=demo-consumer,current list of Servers=[],Load balancer stats=Zone stats: {},Server stats: []}ServerList:null
2019-09-06 16:48:06.559 [http-nio-8201-exec-1] INFO  com.netflix.loadbalancer.DynamicServerListLoadBalancer - Using serverListUpdater PollingServerListUpdater
2019-09-06 16:48:06.577 [http-nio-8201-exec-1] INFO  com.netflix.config.ChainedDynamicProperty - Flipping property: demo-consumer.ribbon.ActiveConnectionsLimit to use NEXT property: niws.loadbalancer.availabilityFilteringRule.activeConnectionsLimit = 2147483647
2019-09-06 16:48:06.578 [http-nio-8201-exec-1] INFO  com.netflix.loadbalancer.DynamicServerListLoadBalancer - DynamicServerListLoadBalancer for client demo-consumer initialized: DynamicServerListLoadBalancer:{NFLoadBalancer:name=demo-consumer,current list of Servers=[127.0.0.1:8010],Load balancer stats=Zone stats: {defaultzone=[Zone:defaultzone;	Instance count:1;	Active connections count: 0;	Circuit breaker tripped count: 0;	Active connections per server: 0.0;]
},Server stats: [[Server:127.0.0.1:8010;	Zone:defaultZone;	Total Requests:0;	Successive connection failure:0;	Total blackout seconds:0;	Last connection made:Thu Jan 01 08:00:00 CST 1970;	First connection made: Thu Jan 01 08:00:00 CST 1970;	Active Connections:0;	total failure count in last (1000) msecs:0;	average resp time:0.0;	90 percentile resp time:0.0;	95 percentile resp time:0.0;	min resp time:0.0;	max resp time:0.0;	stddev resp time:0.0]
]}ServerList:org.springframework.cloud.netflix.ribbon.eureka.DomainExtractingServerList@31033514
2019-09-06 16:48:07.562 [PollingServerListUpdater-0] INFO  com.netflix.config.ChainedDynamicProperty - Flipping property: demo-consumer.ribbon.ActiveConnectionsLimit to use NEXT property: niws.loadbalancer.availabilityFilteringRule.activeConnectionsLimit = 2147483647
2019-09-06 16:52:56.906 [AsyncResolver-bootstrap-executor-0] INFO  com.netflix.discovery.shared.resolver.aws.ConfigClusterResolver - Resolving eureka endpoints via configuration
2019-09-06 16:56:04.924 [Thread-26] INFO  com.netflix.loadbalancer.PollingServerListUpdater - Shutting down the Executor Pool for PollingServerListUpdater
2019-09-06 16:56:04.927 [Thread-14] WARN  com.netflix.discovery.DiscoveryClient - Saw local status change event StatusChangeEvent [timestamp=1567760164927, current=DOWN, previous=UP]
2019-09-06 16:56:04.928 [DiscoveryClient-InstanceInfoReplicator-0] INFO  com.netflix.discovery.DiscoveryClient - DiscoveryClient_DEMO-ZUUL/demo-zuul: registering service...
2019-09-06 16:56:04.932 [DiscoveryClient-InstanceInfoReplicator-0] INFO  com.netflix.discovery.DiscoveryClient - DiscoveryClient_DEMO-ZUUL/demo-zuul - registration status: 204
2019-09-06 16:56:04.948 [Thread-14] INFO  com.netflix.util.concurrent.ShutdownEnabledTimer - Shutdown hook removed for: NFLoadBalancer-PingTimer-demo-consumer
2019-09-06 16:56:04.948 [Thread-14] INFO  com.netflix.util.concurrent.ShutdownEnabledTimer - Exception caught (might be ok if at shutdown)
java.lang.IllegalStateException: Shutdown in progress
	at java.lang.ApplicationShutdownHooks.remove(ApplicationShutdownHooks.java:82) ~[?:1.8.0_202]
	at java.lang.Runtime.removeShutdownHook(Runtime.java:239) ~[?:1.8.0_202]
	at com.netflix.util.concurrent.ShutdownEnabledTimer.cancel(ShutdownEnabledTimer.java:70) [netflix-commons-util-0.3.0.jar:0.3.0]
	at com.netflix.loadbalancer.BaseLoadBalancer.cancelPingTask(BaseLoadBalancer.java:632) [ribbon-loadbalancer-2.3.0.jar:2.3.0]
	at com.netflix.loadbalancer.BaseLoadBalancer.shutdown(BaseLoadBalancer.java:883) [ribbon-loadbalancer-2.3.0.jar:2.3.0]
	at com.netflix.loadbalancer.DynamicServerListLoadBalancer.shutdown(DynamicServerListLoadBalancer.java:285) [ribbon-loadbalancer-2.3.0.jar:2.3.0]
	at sun.reflect.NativeMethodAccessorImpl.invoke0(Native Method) ~[?:1.8.0_202]
	at sun.reflect.NativeMethodAccessorImpl.invoke(NativeMethodAccessorImpl.java:62) ~[?:1.8.0_202]
	at sun.reflect.DelegatingMethodAccessorImpl.invoke(DelegatingMethodAccessorImpl.java:43) ~[?:1.8.0_202]
	at java.lang.reflect.Method.invoke(Method.java:498) ~[?:1.8.0_202]
	at org.springframework.beans.factory.support.DisposableBeanAdapter.invokeCustomDestroyMethod(DisposableBeanAdapter.java:337) [spring-beans-5.1.7.RELEASE.jar:5.1.7.RELEASE]
	at org.springframework.beans.factory.support.DisposableBeanAdapter.destroy(DisposableBeanAdapter.java:271) [spring-beans-5.1.7.RELEASE.jar:5.1.7.RELEASE]
	at org.springframework.beans.factory.support.DefaultSingletonBeanRegistry.destroyBean(DefaultSingletonBeanRegistry.java:571) [spring-beans-5.1.7.RELEASE.jar:5.1.7.RELEASE]
	at org.springframework.beans.factory.support.DefaultSingletonBeanRegistry.destroySingleton(DefaultSingletonBeanRegistry.java:543) [spring-beans-5.1.7.RELEASE.jar:5.1.7.RELEASE]
	at org.springframework.beans.factory.support.DefaultListableBeanFactory.destroySingleton(DefaultListableBeanFactory.java:1034) [spring-beans-5.1.7.RELEASE.jar:5.1.7.RELEASE]
	at org.springframework.beans.factory.support.DefaultSingletonBeanRegistry.destroySingletons(DefaultSingletonBeanRegistry.java:504) [spring-beans-5.1.7.RELEASE.jar:5.1.7.RELEASE]
	at org.springframework.beans.factory.support.DefaultListableBeanFactory.destroySingletons(DefaultListableBeanFactory.java:1027) [spring-beans-5.1.7.RELEASE.jar:5.1.7.RELEASE]
	at org.springframework.context.support.AbstractApplicationContext.destroyBeans(AbstractApplicationContext.java:1057) [spring-context-5.1.7.RELEASE.jar:5.1.7.RELEASE]
	at org.springframework.context.support.AbstractApplicationContext.doClose(AbstractApplicationContext.java:1026) [spring-context-5.1.7.RELEASE.jar:5.1.7.RELEASE]
	at org.springframework.context.support.AbstractApplicationContext.close(AbstractApplicationContext.java:975) [spring-context-5.1.7.RELEASE.jar:5.1.7.RELEASE]
	at org.springframework.cloud.context.named.NamedContextFactory.destroy(NamedContextFactory.java:92) [spring-cloud-context-2.1.2.RELEASE.jar:2.1.2.RELEASE]
	at org.springframework.beans.factory.support.DisposableBeanAdapter.destroy(DisposableBeanAdapter.java:256) [spring-beans-5.1.7.RELEASE.jar:5.1.7.RELEASE]
	at org.springframework.beans.factory.support.DefaultSingletonBeanRegistry.destroyBean(DefaultSingletonBeanRegistry.java:571) [spring-beans-5.1.7.RELEASE.jar:5.1.7.RELEASE]
	at org.springframework.beans.factory.support.DefaultSingletonBeanRegistry.destroySingleton(DefaultSingletonBeanRegistry.java:543) [spring-beans-5.1.7.RELEASE.jar:5.1.7.RELEASE]
	at org.springframework.beans.factory.support.DefaultListableBeanFactory.destroySingleton(DefaultListableBeanFactory.java:1034) [spring-beans-5.1.7.RELEASE.jar:5.1.7.RELEASE]
	at org.springframework.beans.factory.support.DefaultSingletonBeanRegistry.destroySingletons(DefaultSingletonBeanRegistry.java:504) [spring-beans-5.1.7.RELEASE.jar:5.1.7.RELEASE]
	at org.springframework.beans.factory.support.DefaultListableBeanFactory.destroySingletons(DefaultListableBeanFactory.java:1027) [spring-beans-5.1.7.RELEASE.jar:5.1.7.RELEASE]
	at org.springframework.context.support.AbstractApplicationContext.destroyBeans(AbstractApplicationContext.java:1057) [spring-context-5.1.7.RELEASE.jar:5.1.7.RELEASE]
	at org.springframework.context.support.AbstractApplicationContext.doClose(AbstractApplicationContext.java:1026) [spring-context-5.1.7.RELEASE.jar:5.1.7.RELEASE]
	at org.springframework.context.support.AbstractApplicationContext$1.run(AbstractApplicationContext.java:945) [spring-context-5.1.7.RELEASE.jar:5.1.7.RELEASE]
2019-09-06 16:56:04.979 [Thread-14] INFO  com.netflix.discovery.DiscoveryClient - Shutting down DiscoveryClient ...
2019-09-06 16:56:07.981 [Thread-14] INFO  com.netflix.discovery.DiscoveryClient - Unregistering ...
2019-09-06 16:56:07.984 [Thread-14] INFO  com.netflix.discovery.DiscoveryClient - DiscoveryClient_DEMO-ZUUL/demo-zuul - deregister  status: 200
2019-09-06 16:56:07.993 [Thread-14] INFO  com.netflix.discovery.DiscoveryClient - Completed shut down of DiscoveryClient
2019-09-06 16:56:10.936 [main] INFO  com.cc.zuul.DemoZuulApplication - No active profile set, falling back to default profiles: default
2019-09-06 16:56:11.925 [main] INFO  org.apache.coyote.http11.Http11NioProtocol - Initializing ProtocolHandler ["http-nio-8201"]
2019-09-06 16:56:11.932 [main] INFO  org.apache.catalina.core.StandardService - Starting service [Tomcat]
2019-09-06 16:56:11.933 [main] INFO  org.apache.catalina.core.StandardEngine - Starting Servlet engine: [Apache Tomcat/9.0.19]
2019-09-06 16:56:12.042 [main] INFO  org.apache.catalina.core.ContainerBase.[Tomcat].[localhost].[/] - Initializing Spring embedded WebApplicationContext
2019-09-06 16:56:12.122 [main] WARN  com.netflix.config.sources.URLConfigurationSource - No URLs will be polled as dynamic configuration sources.
2019-09-06 16:56:12.122 [main] INFO  com.netflix.config.sources.URLConfigurationSource - To enable URLs as dynamic configuration sources, define System property archaius.configurationSource.additionalUrls or make config.properties available on classpath.
2019-09-06 16:56:12.131 [main] INFO  com.netflix.config.DynamicPropertyFactory - DynamicPropertyFactory is initialized with configuration sources: com.netflix.config.ConcurrentCompositeConfiguration@63124022
2019-09-06 16:56:12.567 [main] WARN  com.netflix.config.sources.URLConfigurationSource - No URLs will be polled as dynamic configuration sources.
2019-09-06 16:56:12.568 [main] INFO  com.netflix.config.sources.URLConfigurationSource - To enable URLs as dynamic configuration sources, define System property archaius.configurationSource.additionalUrls or make config.properties available on classpath.
2019-09-06 16:56:13.269 [main] INFO  com.netflix.discovery.DiscoveryClient - Initializing Eureka in region us-east-1
2019-09-06 16:56:13.304 [main] INFO  com.netflix.discovery.provider.DiscoveryJerseyProvider - Using JSON encoding codec LegacyJacksonJson
2019-09-06 16:56:13.304 [main] INFO  com.netflix.discovery.provider.DiscoveryJerseyProvider - Using JSON decoding codec LegacyJacksonJson
2019-09-06 16:56:13.384 [main] INFO  com.netflix.discovery.provider.DiscoveryJerseyProvider - Using XML encoding codec XStreamXml
2019-09-06 16:56:13.384 [main] INFO  com.netflix.discovery.provider.DiscoveryJerseyProvider - Using XML decoding codec XStreamXml
2019-09-06 16:56:13.589 [main] INFO  com.netflix.discovery.shared.resolver.aws.ConfigClusterResolver - Resolving eureka endpoints via configuration
2019-09-06 16:56:13.621 [main] INFO  com.netflix.discovery.DiscoveryClient - Disable delta property : false
2019-09-06 16:56:13.621 [main] INFO  com.netflix.discovery.DiscoveryClient - Single vip registry refresh property : null
2019-09-06 16:56:13.621 [main] INFO  com.netflix.discovery.DiscoveryClient - Force full registry fetch : false
2019-09-06 16:56:13.622 [main] INFO  com.netflix.discovery.DiscoveryClient - Application is null : false
2019-09-06 16:56:13.622 [main] INFO  com.netflix.discovery.DiscoveryClient - Registered Applications size is zero : true
2019-09-06 16:56:13.622 [main] INFO  com.netflix.discovery.DiscoveryClient - Application version is -1: true
2019-09-06 16:56:13.622 [main] INFO  com.netflix.discovery.DiscoveryClient - Getting all instance registry info from the eureka server
2019-09-06 16:56:13.729 [main] INFO  com.netflix.discovery.DiscoveryClient - The response status is 200
2019-09-06 16:56:13.731 [main] INFO  com.netflix.discovery.DiscoveryClient - Starting heartbeat executor: renew interval is: 30
2019-09-06 16:56:13.733 [main] INFO  com.netflix.discovery.InstanceInfoReplicator - InstanceInfoReplicator onDemand update allowed rate per min is 4
2019-09-06 16:56:13.736 [main] INFO  com.netflix.discovery.DiscoveryClient - Discovery Client initialized at timestamp 1567760173736 with initial instances count: 5
2019-09-06 16:56:13.738 [main] INFO  com.netflix.discovery.DiscoveryClient - Saw local status change event StatusChangeEvent [timestamp=1567760173738, current=UP, previous=STARTING]
2019-09-06 16:56:13.739 [DiscoveryClient-InstanceInfoReplicator-0] INFO  com.netflix.discovery.DiscoveryClient - DiscoveryClient_DEMO-ZUUL/demo-zuul: registering service...
2019-09-06 16:56:13.750 [main] INFO  org.apache.coyote.http11.Http11NioProtocol - Starting ProtocolHandler ["http-nio-8201"]
2019-09-06 16:56:13.760 [DiscoveryClient-InstanceInfoReplicator-0] INFO  com.netflix.discovery.DiscoveryClient - DiscoveryClient_DEMO-ZUUL/demo-zuul - registration status: 204
2019-09-06 16:56:13.772 [main] INFO  com.cc.zuul.DemoZuulApplication - Started DemoZuulApplication in 3.567 seconds (JVM running for 4.384)
2019-09-06 16:56:14.175 [RMI TCP Connection(3)-192.168.20.6] INFO  org.apache.catalina.core.ContainerBase.[Tomcat].[localhost].[/] - Initializing Spring DispatcherServlet 'dispatcherServlet'
2019-09-06 16:56:29.263 [Thread-14] WARN  com.netflix.discovery.DiscoveryClient - Saw local status change event StatusChangeEvent [timestamp=1567760189263, current=DOWN, previous=UP]
2019-09-06 16:56:29.263 [DiscoveryClient-InstanceInfoReplicator-0] INFO  com.netflix.discovery.DiscoveryClient - DiscoveryClient_DEMO-ZUUL/demo-zuul: registering service...
2019-09-06 16:56:29.267 [DiscoveryClient-InstanceInfoReplicator-0] INFO  com.netflix.discovery.DiscoveryClient - DiscoveryClient_DEMO-ZUUL/demo-zuul - registration status: 204
2019-09-06 16:56:29.277 [Thread-14] INFO  com.netflix.discovery.DiscoveryClient - Shutting down DiscoveryClient ...
2019-09-06 16:56:32.278 [Thread-14] INFO  com.netflix.discovery.DiscoveryClient - Unregistering ...
2019-09-06 16:56:32.281 [Thread-14] INFO  com.netflix.discovery.DiscoveryClient - DiscoveryClient_DEMO-ZUUL/demo-zuul - deregister  status: 200
2019-09-06 16:56:32.287 [Thread-14] INFO  com.netflix.discovery.DiscoveryClient - Completed shut down of DiscoveryClient
2019-09-06 16:56:35.301 [main] INFO  com.cc.zuul.DemoZuulApplication - No active profile set, falling back to default profiles: default
2019-09-06 16:56:36.362 [main] INFO  org.apache.coyote.http11.Http11NioProtocol - Initializing ProtocolHandler ["http-nio-8201"]
2019-09-06 16:56:36.369 [main] INFO  org.apache.catalina.core.StandardService - Starting service [Tomcat]
2019-09-06 16:56:36.370 [main] INFO  org.apache.catalina.core.StandardEngine - Starting Servlet engine: [Apache Tomcat/9.0.19]
2019-09-06 16:56:36.479 [main] INFO  org.apache.catalina.core.ContainerBase.[Tomcat].[localhost].[/] - Initializing Spring embedded WebApplicationContext
2019-09-06 16:56:36.558 [main] WARN  com.netflix.config.sources.URLConfigurationSource - No URLs will be polled as dynamic configuration sources.
2019-09-06 16:56:36.558 [main] INFO  com.netflix.config.sources.URLConfigurationSource - To enable URLs as dynamic configuration sources, define System property archaius.configurationSource.additionalUrls or make config.properties available on classpath.
2019-09-06 16:56:36.567 [main] INFO  com.netflix.config.DynamicPropertyFactory - DynamicPropertyFactory is initialized with configuration sources: com.netflix.config.ConcurrentCompositeConfiguration@6befbb12
2019-09-06 16:56:37.014 [main] WARN  com.netflix.config.sources.URLConfigurationSource - No URLs will be polled as dynamic configuration sources.
2019-09-06 16:56:37.014 [main] INFO  com.netflix.config.sources.URLConfigurationSource - To enable URLs as dynamic configuration sources, define System property archaius.configurationSource.additionalUrls or make config.properties available on classpath.
2019-09-06 16:56:37.741 [main] INFO  com.netflix.discovery.DiscoveryClient - Initializing Eureka in region us-east-1
2019-09-06 16:56:37.777 [main] INFO  com.netflix.discovery.provider.DiscoveryJerseyProvider - Using JSON encoding codec LegacyJacksonJson
2019-09-06 16:56:37.777 [main] INFO  com.netflix.discovery.provider.DiscoveryJerseyProvider - Using JSON decoding codec LegacyJacksonJson
2019-09-06 16:56:37.859 [main] INFO  com.netflix.discovery.provider.DiscoveryJerseyProvider - Using XML encoding codec XStreamXml
2019-09-06 16:56:37.859 [main] INFO  com.netflix.discovery.provider.DiscoveryJerseyProvider - Using XML decoding codec XStreamXml
2019-09-06 16:56:38.084 [main] INFO  com.netflix.discovery.shared.resolver.aws.ConfigClusterResolver - Resolving eureka endpoints via configuration
2019-09-06 16:56:38.119 [main] INFO  com.netflix.discovery.DiscoveryClient - Disable delta property : false
2019-09-06 16:56:38.119 [main] INFO  com.netflix.discovery.DiscoveryClient - Single vip registry refresh property : null
2019-09-06 16:56:38.119 [main] INFO  com.netflix.discovery.DiscoveryClient - Force full registry fetch : false
2019-09-06 16:56:38.119 [main] INFO  com.netflix.discovery.DiscoveryClient - Application is null : false
2019-09-06 16:56:38.119 [main] INFO  com.netflix.discovery.DiscoveryClient - Registered Applications size is zero : true
2019-09-06 16:56:38.119 [main] INFO  com.netflix.discovery.DiscoveryClient - Application version is -1: true
2019-09-06 16:56:38.119 [main] INFO  com.netflix.discovery.DiscoveryClient - Getting all instance registry info from the eureka server
2019-09-06 16:56:38.231 [main] INFO  com.netflix.discovery.DiscoveryClient - The response status is 200
2019-09-06 16:56:38.234 [main] INFO  com.netflix.discovery.DiscoveryClient - Starting heartbeat executor: renew interval is: 30
2019-09-06 16:56:38.235 [main] INFO  com.netflix.discovery.InstanceInfoReplicator - InstanceInfoReplicator onDemand update allowed rate per min is 4
2019-09-06 16:56:38.238 [main] INFO  com.netflix.discovery.DiscoveryClient - Discovery Client initialized at timestamp 1567760198237 with initial instances count: 5
2019-09-06 16:56:38.239 [main] INFO  com.netflix.discovery.DiscoveryClient - Saw local status change event StatusChangeEvent [timestamp=1567760198239, current=UP, previous=STARTING]
2019-09-06 16:56:38.241 [DiscoveryClient-InstanceInfoReplicator-0] INFO  com.netflix.discovery.DiscoveryClient - DiscoveryClient_DEMO-ZUUL/demo-zuul: registering service...
2019-09-06 16:56:38.253 [main] INFO  org.apache.coyote.http11.Http11NioProtocol - Starting ProtocolHandler ["http-nio-8201"]
2019-09-06 16:56:38.262 [DiscoveryClient-InstanceInfoReplicator-0] INFO  com.netflix.discovery.DiscoveryClient - DiscoveryClient_DEMO-ZUUL/demo-zuul - registration status: 204
2019-09-06 16:56:38.282 [main] INFO  com.cc.zuul.DemoZuulApplication - Started DemoZuulApplication in 3.723 seconds (JVM running for 4.635)
2019-09-06 16:56:38.982 [RMI TCP Connection(2)-192.168.20.6] INFO  org.apache.catalina.core.ContainerBase.[Tomcat].[localhost].[/] - Initializing Spring DispatcherServlet 'dispatcherServlet'
2019-09-06 17:01:38.122 [AsyncResolver-bootstrap-executor-0] INFO  com.netflix.discovery.shared.resolver.aws.ConfigClusterResolver - Resolving eureka endpoints via configuration
2019-09-06 17:06:38.123 [AsyncResolver-bootstrap-executor-0] INFO  com.netflix.discovery.shared.resolver.aws.ConfigClusterResolver - Resolving eureka endpoints via configuration
2019-09-06 17:11:38.125 [AsyncResolver-bootstrap-executor-0] INFO  com.netflix.discovery.shared.resolver.aws.ConfigClusterResolver - Resolving eureka endpoints via configuration
2019-09-06 17:16:38.127 [AsyncResolver-bootstrap-executor-0] INFO  com.netflix.discovery.shared.resolver.aws.ConfigClusterResolver - Resolving eureka endpoints via configuration
2019-09-06 17:21:38.130 [AsyncResolver-bootstrap-executor-0] INFO  com.netflix.discovery.shared.resolver.aws.ConfigClusterResolver - Resolving eureka endpoints via configuration
2019-09-06 17:26:38.132 [AsyncResolver-bootstrap-executor-0] INFO  com.netflix.discovery.shared.resolver.aws.ConfigClusterResolver - Resolving eureka endpoints via configuration
2019-09-06 17:31:38.133 [AsyncResolver-bootstrap-executor-0] INFO  com.netflix.discovery.shared.resolver.aws.ConfigClusterResolver - Resolving eureka endpoints via configuration
2019-09-06 17:36:38.134 [AsyncResolver-bootstrap-executor-0] INFO  com.netflix.discovery.shared.resolver.aws.ConfigClusterResolver - Resolving eureka endpoints via configuration
2019-09-06 17:41:38.135 [AsyncResolver-bootstrap-executor-0] INFO  com.netflix.discovery.shared.resolver.aws.ConfigClusterResolver - Resolving eureka endpoints via configuration
2019-09-06 17:46:38.136 [AsyncResolver-bootstrap-executor-0] INFO  com.netflix.discovery.shared.resolver.aws.ConfigClusterResolver - Resolving eureka endpoints via configuration
2019-09-06 17:51:38.138 [AsyncResolver-bootstrap-executor-0] INFO  com.netflix.discovery.shared.resolver.aws.ConfigClusterResolver - Resolving eureka endpoints via configuration
2019-09-06 17:56:38.139 [AsyncResolver-bootstrap-executor-0] INFO  com.netflix.discovery.shared.resolver.aws.ConfigClusterResolver - Resolving eureka endpoints via configuration
2019-09-06 18:01:38.141 [AsyncResolver-bootstrap-executor-0] INFO  com.netflix.discovery.shared.resolver.aws.ConfigClusterResolver - Resolving eureka endpoints via configuration
2019-09-06 18:06:38.142 [AsyncResolver-bootstrap-executor-0] INFO  com.netflix.discovery.shared.resolver.aws.ConfigClusterResolver - Resolving eureka endpoints via configuration
2019-09-06 18:11:38.143 [AsyncResolver-bootstrap-executor-0] INFO  com.netflix.discovery.shared.resolver.aws.ConfigClusterResolver - Resolving eureka endpoints via configuration
2019-09-06 18:16:38.144 [AsyncResolver-bootstrap-executor-0] INFO  com.netflix.discovery.shared.resolver.aws.ConfigClusterResolver - Resolving eureka endpoints via configuration
2019-09-06 18:21:38.146 [AsyncResolver-bootstrap-executor-0] INFO  com.netflix.discovery.shared.resolver.aws.ConfigClusterResolver - Resolving eureka endpoints via configuration
2019-09-06 18:26:38.147 [AsyncResolver-bootstrap-executor-0] INFO  com.netflix.discovery.shared.resolver.aws.ConfigClusterResolver - Resolving eureka endpoints via configuration
2019-09-06 18:31:38.148 [AsyncResolver-bootstrap-executor-0] INFO  com.netflix.discovery.shared.resolver.aws.ConfigClusterResolver - Resolving eureka endpoints via configuration
2019-09-06 18:36:38.149 [AsyncResolver-bootstrap-executor-0] INFO  com.netflix.discovery.shared.resolver.aws.ConfigClusterResolver - Resolving eureka endpoints via configuration
2019-09-06 18:41:38.151 [AsyncResolver-bootstrap-executor-0] INFO  com.netflix.discovery.shared.resolver.aws.ConfigClusterResolver - Resolving eureka endpoints via configuration
2019-09-06 18:46:38.152 [AsyncResolver-bootstrap-executor-0] INFO  com.netflix.discovery.shared.resolver.aws.ConfigClusterResolver - Resolving eureka endpoints via configuration
2019-09-06 18:51:38.152 [AsyncResolver-bootstrap-executor-0] INFO  com.netflix.discovery.shared.resolver.aws.ConfigClusterResolver - Resolving eureka endpoints via configuration
2019-09-06 19:02:29.064 [AsyncResolver-bootstrap-executor-0] INFO  com.netflix.discovery.shared.resolver.aws.ConfigClusterResolver - Resolving eureka endpoints via configuration
2019-09-06 19:07:29.064 [AsyncResolver-bootstrap-executor-0] INFO  com.netflix.discovery.shared.resolver.aws.ConfigClusterResolver - Resolving eureka endpoints via configuration
2019-09-06 19:12:29.066 [AsyncResolver-bootstrap-executor-0] INFO  com.netflix.discovery.shared.resolver.aws.ConfigClusterResolver - Resolving eureka endpoints via configuration
2019-09-06 19:17:29.067 [AsyncResolver-bootstrap-executor-0] INFO  com.netflix.discovery.shared.resolver.aws.ConfigClusterResolver - Resolving eureka endpoints via configuration
2019-09-06 19:22:29.068 [AsyncResolver-bootstrap-executor-0] INFO  com.netflix.discovery.shared.resolver.aws.ConfigClusterResolver - Resolving eureka endpoints via configuration
2019-09-06 19:27:29.069 [AsyncResolver-bootstrap-executor-0] INFO  com.netflix.discovery.shared.resolver.aws.ConfigClusterResolver - Resolving eureka endpoints via configuration
2019-09-06 19:32:29.070 [AsyncResolver-bootstrap-executor-0] INFO  com.netflix.discovery.shared.resolver.aws.ConfigClusterResolver - Resolving eureka endpoints via configuration
2019-09-06 19:37:29.073 [AsyncResolver-bootstrap-executor-0] INFO  com.netflix.discovery.shared.resolver.aws.ConfigClusterResolver - Resolving eureka endpoints via configuration
2019-09-06 19:42:29.074 [AsyncResolver-bootstrap-executor-0] INFO  com.netflix.discovery.shared.resolver.aws.ConfigClusterResolver - Resolving eureka endpoints via configuration
2019-09-06 19:47:29.075 [AsyncResolver-bootstrap-executor-0] INFO  com.netflix.discovery.shared.resolver.aws.ConfigClusterResolver - Resolving eureka endpoints via configuration
2019-09-06 19:52:29.076 [AsyncResolver-bootstrap-executor-0] INFO  com.netflix.discovery.shared.resolver.aws.ConfigClusterResolver - Resolving eureka endpoints via configuration
2019-09-06 19:57:29.077 [AsyncResolver-bootstrap-executor-0] INFO  com.netflix.discovery.shared.resolver.aws.ConfigClusterResolver - Resolving eureka endpoints via configuration
2019-09-06 20:02:29.078 [AsyncResolver-bootstrap-executor-0] INFO  com.netflix.discovery.shared.resolver.aws.ConfigClusterResolver - Resolving eureka endpoints via configuration
2019-09-06 20:07:29.080 [AsyncResolver-bootstrap-executor-0] INFO  com.netflix.discovery.shared.resolver.aws.ConfigClusterResolver - Resolving eureka endpoints via configuration
2019-09-06 20:12:29.081 [AsyncResolver-bootstrap-executor-0] INFO  com.netflix.discovery.shared.resolver.aws.ConfigClusterResolver - Resolving eureka endpoints via configuration
2019-09-06 20:17:29.084 [AsyncResolver-bootstrap-executor-0] INFO  com.netflix.discovery.shared.resolver.aws.ConfigClusterResolver - Resolving eureka endpoints via configuration
2019-09-06 20:22:29.084 [AsyncResolver-bootstrap-executor-0] INFO  com.netflix.discovery.shared.resolver.aws.ConfigClusterResolver - Resolving eureka endpoints via configuration
2019-09-06 20:27:29.085 [AsyncResolver-bootstrap-executor-0] INFO  com.netflix.discovery.shared.resolver.aws.ConfigClusterResolver - Resolving eureka endpoints via configuration
2019-09-06 20:32:29.086 [AsyncResolver-bootstrap-executor-0] INFO  com.netflix.discovery.shared.resolver.aws.ConfigClusterResolver - Resolving eureka endpoints via configuration
2019-09-06 20:32:45.364 [Thread-14] WARN  com.netflix.discovery.DiscoveryClient - Saw local status change event StatusChangeEvent [timestamp=1567773165364, current=DOWN, previous=UP]
2019-09-06 20:32:45.365 [DiscoveryClient-InstanceInfoReplicator-0] INFO  com.netflix.discovery.DiscoveryClient - DiscoveryClient_DEMO-ZUUL/demo-zuul: registering service...
2019-09-06 20:32:45.432 [Thread-14] INFO  com.netflix.discovery.DiscoveryClient - Shutting down DiscoveryClient ...
