16:34:10.220 [main] WARN  com.netflix.config.sources.URLConfigurationSource - No URLs will be polled as dynamic configuration sources.
16:34:11.469 [main] WARN  com.netflix.config.sources.URLConfigurationSource - No URLs will be polled as dynamic configuration sources.
16:39:24.175 [Thread-18] WARN  com.netflix.discovery.DiscoveryClient - Saw local status change event StatusChangeEvent [timestamp=1567759164174, current=DOWN, previous=UP]
2019-09-06 16:39:31.374 [main] WARN  com.netflix.config.sources.URLConfigurationSource - No URLs will be polled as dynamic configuration sources.
2019-09-06 16:39:32.261 [main] WARN  com.netflix.config.sources.URLConfigurationSource - No URLs will be polled as dynamic configuration sources.
2019-09-06 16:41:41.333 [Thread-14] WARN  com.netflix.discovery.DiscoveryClient - Saw local status change event StatusChangeEvent [timestamp=1567759301333, current=DOWN, previous=UP]
2019-09-06 16:41:48.593 [main] WARN  com.netflix.config.sources.URLConfigurationSource 121 com.netflix.config.sources.URLConfigurationSource - No URLs will be polled as dynamic configuration sources.
2019-09-06 16:41:49.476 [main] WARN  com.netflix.config.sources.URLConfigurationSource 121 com.netflix.config.sources.URLConfigurationSource - No URLs will be polled as dynamic configuration sources.
2019-09-06 20:32:43.047 [DiscoveryClient-HeartbeatExecutor-0] ERROR com.netflix.discovery.shared.transport.decorator.RedirectingEurekaHttpClient 91 com.netflix.discovery.shared.transport.decorator.RedirectingEurekaHttpClient - Request execution error. endpoint=DefaultEndpoint{ serviceUrl='http://test.eureka-8101.com:8101/eureka/}
com.sun.jersey.api.client.ClientHandlerException: java.net.ConnectException: Connection refused: connect
	at com.sun.jersey.client.apache4.ApacheHttpClient4Handler.handle(ApacheHttpClient4Handler.java:187) ~[jersey-apache-client4-1.19.1.jar:1.19.1]
	at com.sun.jersey.api.client.filter.GZIPContentEncodingFilter.handle(GZIPContentEncodingFilter.java:123) ~[jersey-client-1.19.1.jar:1.19.1]
	at com.netflix.discovery.EurekaIdentityHeaderFilter.handle(EurekaIdentityHeaderFilter.java:27) ~[eureka-client-1.9.12.jar:1.9.12]
	at com.sun.jersey.api.client.Client.handle(Client.java:652) ~[jersey-client-1.19.1.jar:1.19.1]
	at com.sun.jersey.api.client.WebResource.handle(WebResource.java:682) ~[jersey-client-1.19.1.jar:1.19.1]
	at com.sun.jersey.api.client.WebResource.access$200(WebResource.java:74) ~[jersey-client-1.19.1.jar:1.19.1]
	at com.sun.jersey.api.client.WebResource$Builder.put(WebResource.java:529) ~[jersey-client-1.19.1.jar:1.19.1]
	at com.netflix.discovery.shared.transport.jersey.AbstractJerseyEurekaHttpClient.sendHeartBeat(AbstractJerseyEurekaHttpClient.java:102) ~[eureka-client-1.9.12.jar:1.9.12]
	at com.netflix.discovery.shared.transport.decorator.EurekaHttpClientDecorator$3.execute(EurekaHttpClientDecorator.java:92) ~[eureka-client-1.9.12.jar:1.9.12]
	at com.netflix.discovery.shared.transport.decorator.MetricsCollectingEurekaHttpClient.execute(MetricsCollectingEurekaHttpClient.java:73) ~[eureka-client-1.9.12.jar:1.9.12]
	at com.netflix.discovery.shared.transport.decorator.EurekaHttpClientDecorator.sendHeartBeat(EurekaHttpClientDecorator.java:89) ~[eureka-client-1.9.12.jar:1.9.12]
	at com.netflix.discovery.shared.transport.decorator.EurekaHttpClientDecorator$3.execute(EurekaHttpClientDecorator.java:92) ~[eureka-client-1.9.12.jar:1.9.12]
	at com.netflix.discovery.shared.transport.decorator.RedirectingEurekaHttpClient.execute(RedirectingEurekaHttpClient.java:89) [eureka-client-1.9.12.jar:1.9.12]
	at com.netflix.discovery.shared.transport.decorator.EurekaHttpClientDecorator.sendHeartBeat(EurekaHttpClientDecorator.java:89) [eureka-client-1.9.12.jar:1.9.12]
	at com.netflix.discovery.shared.transport.decorator.EurekaHttpClientDecorator$3.execute(EurekaHttpClientDecorator.java:92) [eureka-client-1.9.12.jar:1.9.12]
	at com.netflix.discovery.shared.transport.decorator.RetryableEurekaHttpClient.execute(RetryableEurekaHttpClient.java:120) [eureka-client-1.9.12.jar:1.9.12]
	at com.netflix.discovery.shared.transport.decorator.EurekaHttpClientDecorator.sendHeartBeat(EurekaHttpClientDecorator.java:89) [eureka-client-1.9.12.jar:1.9.12]
	at com.netflix.discovery.shared.transport.decorator.EurekaHttpClientDecorator$3.execute(EurekaHttpClientDecorator.java:92) [eureka-client-1.9.12.jar:1.9.12]
	at com.netflix.discovery.shared.transport.decorator.SessionedEurekaHttpClient.execute(SessionedEurekaHttpClient.java:77) [eureka-client-1.9.12.jar:1.9.12]
	at com.netflix.discovery.shared.transport.decorator.EurekaHttpClientDecorator.sendHeartBeat(EurekaHttpClientDecorator.java:89) [eureka-client-1.9.12.jar:1.9.12]
	at com.netflix.discovery.DiscoveryClient.renew(DiscoveryClient.java:864) [eureka-client-1.9.12.jar:1.9.12]
	at com.netflix.discovery.DiscoveryClient$HeartbeatThread.run(DiscoveryClient.java:1423) [eureka-client-1.9.12.jar:1.9.12]
	at java.util.concurrent.Executors$RunnableAdapter.call(Executors.java:511) [?:1.8.0_202]
	at java.util.concurrent.FutureTask.run$$$capture(FutureTask.java:266) [?:1.8.0_202]
	at java.util.concurrent.FutureTask.run(FutureTask.java) [?:1.8.0_202]
	at java.util.concurrent.ThreadPoolExecutor.runWorker(ThreadPoolExecutor.java:1149) [?:1.8.0_202]
	at java.util.concurrent.ThreadPoolExecutor$Worker.run(ThreadPoolExecutor.java:624) [?:1.8.0_202]
	at java.lang.Thread.run(Thread.java:748) [?:1.8.0_202]
Caused by: java.net.ConnectException: Connection refused: connect
	at java.net.DualStackPlainSocketImpl.waitForConnect(Native Method) ~[?:1.8.0_202]
	at java.net.DualStackPlainSocketImpl.socketConnect(DualStackPlainSocketImpl.java:85) ~[?:1.8.0_202]
	at java.net.AbstractPlainSocketImpl.doConnect(AbstractPlainSocketImpl.java:350) ~[?:1.8.0_202]
	at java.net.AbstractPlainSocketImpl.connectToAddress(AbstractPlainSocketImpl.java:206) ~[?:1.8.0_202]
	at java.net.AbstractPlainSocketImpl.connect(AbstractPlainSocketImpl.java:188) ~[?:1.8.0_202]
	at java.net.PlainSocketImpl.connect(PlainSocketImpl.java:172) ~[?:1.8.0_202]
	at java.net.SocksSocketImpl.connect(SocksSocketImpl.java:392) ~[?:1.8.0_202]
	at java.net.Socket.connect(Socket.java:589) ~[?:1.8.0_202]
	at org.apache.http.conn.scheme.PlainSocketFactory.connectSocket(PlainSocketFactory.java:121) ~[httpclient-4.5.8.jar:4.5.8]
	at org.apache.http.impl.conn.DefaultClientConnectionOperator.openConnection(DefaultClientConnectionOperator.java:180) ~[httpclient-4.5.8.jar:4.5.8]
	at org.apache.http.impl.conn.AbstractPoolEntry.open(AbstractPoolEntry.java:144) ~[httpclient-4.5.8.jar:4.5.8]
	at org.apache.http.impl.conn.AbstractPooledConnAdapter.open(AbstractPooledConnAdapter.java:134) ~[httpclient-4.5.8.jar:4.5.8]
	at org.apache.http.impl.client.DefaultRequestDirector.tryConnect(DefaultRequestDirector.java:605) ~[httpclient-4.5.8.jar:4.5.8]
	at org.apache.http.impl.client.DefaultRequestDirector.execute(DefaultRequestDirector.java:440) ~[httpclient-4.5.8.jar:4.5.8]
	at org.apache.http.impl.client.AbstractHttpClient.doExecute(AbstractHttpClient.java:835) ~[httpclient-4.5.8.jar:4.5.8]
	at org.apache.http.impl.client.CloseableHttpClient.execute(CloseableHttpClient.java:118) ~[httpclient-4.5.8.jar:4.5.8]
	at org.apache.http.impl.client.CloseableHttpClient.execute(CloseableHttpClient.java:56) ~[httpclient-4.5.8.jar:4.5.8]
	at com.sun.jersey.client.apache4.ApacheHttpClient4Handler.handle(ApacheHttpClient4Handler.java:173) ~[jersey-apache-client4-1.19.1.jar:1.19.1]
	... 27 more
2019-09-06 20:32:43.067 [DiscoveryClient-HeartbeatExecutor-0] WARN  com.netflix.discovery.shared.transport.decorator.RetryableEurekaHttpClient 130 com.netflix.discovery.shared.transport.decorator.RetryableEurekaHttpClient - Request execution failed with message: java.net.ConnectException: Connection refused: connect
2019-09-06 20:32:43.580 [Thread-14] WARN  com.netflix.discovery.DiscoveryClient$3 1321 com.netflix.discovery.DiscoveryClient - Saw local status change event StatusChangeEvent [timestamp=1567773163580, current=DOWN, previous=UP]
